<?xml version="1.0" encoding="UTF-8"?>
<!-- Generated by org.testng.reporters.JUnitReportReporter -->
<testsuite hostname="LAPTOP-L2Q68U1J" failures="0" tests="2" name="com.sample.manoj123.TestNg30" time="25.285" errors="0" timestamp="2022-05-10T23:10:25 IST" skipped="0">
  <testcase classname="com.sample.manoj123.TestNg30" name="openbrowser" time="14.683"/>
  <system-out/>
  <testcase classname="com.sample.manoj123.TestNg30" name="open" time="10.602"/>
  <system-out/>
</testsuite> <!-- com.sample.manoj123.TestNg30 -->
