<?xml version="1.0" encoding="UTF-8"?>
<!-- Generated by org.testng.reporters.JUnitReportReporter -->
<testsuite hostname="LAPTOP-L2Q68U1J" failures="0" tests="1" name="com.sample.manoj123.Consumer" time="8.645" errors="0" timestamp="2022-03-02T18:50:09 IST" skipped="0">
  <testcase classname="com.sample.manoj123.Consumer" name="addToCart" time="8.645"/>
  <system-out/>
</testsuite> <!-- com.sample.manoj123.Consumer -->
