<?xml version="1.0" encoding="UTF-8"?>
<!-- Generated by org.testng.reporters.JUnitReportReporter -->
<testsuite hostname="LAPTOP-L2Q68U1J" failures="0" tests="3" name="com.sample.manoj123.Dhoni" time="0.011" errors="0" timestamp="2022-04-14T18:09:08 IST" skipped="0">
  <testcase classname="com.sample.manoj123.Dhoni" name="employee_name" time="0.009"/>
  <system-out/>
  <testcase classname="com.sample.manoj123.Dhoni" name="employee_number" time="0.001"/>
  <system-out/>
  <testcase classname="com.sample.manoj123.Dhoni" name="employeeid" time="0.001"/>
  <system-out/>
</testsuite> <!-- com.sample.manoj123.Dhoni -->
