<?xml version="1.0" encoding="UTF-8"?>
<!-- Generated by org.testng.reporters.JUnitReportReporter -->
<testsuite hostname="LAPTOP-L2Q68U1J" failures="0" tests="2" name="com.sample.manoj123.TestNg1" time="19.132" errors="0" timestamp="2022-04-14T17:48:26 IST" skipped="0">
  <testcase classname="com.sample.manoj123.TestNg1" name="TestYoutube" time="7.636"/>
  <system-out/>
  <testcase classname="com.sample.manoj123.TestNg1" name="TestGoogle" time="11.496"/>
  <system-out/>
</testsuite> <!-- com.sample.manoj123.TestNg1 -->
