<?xml version="1.0" encoding="UTF-8"?>
<!-- Generated by org.testng.reporters.JUnitReportReporter -->
<testsuite hostname="LAPTOP-L2Q68U1J" failures="0" tests="1" name="com.sample.manoj123.TestRunner" time="18.722" errors="0" timestamp="2022-05-12T16:39:59 IST" skipped="0">
  <testcase classname="com.sample.manoj123.TestRunner" name="runScenario" time="18.722"/>
  <system-out/>
</testsuite> <!-- com.sample.manoj123.TestRunner -->
