<?xml version="1.0" encoding="UTF-8"?>
<!-- Generated by org.testng.reporters.JUnitReportReporter -->
<testsuite hostname="LAPTOP-L2Q68U1J" failures="0" tests="2" name="com.sample.manoj123.TC_001" time="0.018" errors="0" timestamp="2022-05-12T16:25:10 IST" skipped="0">
  <testcase classname="com.sample.manoj123.TC_001" name="open" time="0.003"/>
  <system-out/>
  <testcase classname="com.sample.manoj123.TC_001" name="Demo" time="0.015"/>
  <system-out/>
</testsuite> <!-- com.sample.manoj123.TC_001 -->
